\BOOKMARK [0][-]{Doc-Start}{Agradecimientos}{}% 1
\BOOKMARK [0][-]{Doc-Start}{Resumen}{}% 2
\BOOKMARK [0][-]{chapter*.2}{Lista de s\355mbolos}{}% 3
\BOOKMARK [0][-]{chapter.1}{Modelos Te\363ricos}{}% 4
\BOOKMARK [1][-]{section.1.1}{Relevancia}{chapter.1}% 5
\BOOKMARK [1][-]{section.1.2}{Din\341mica de una Biomol\351cula}{chapter.1}% 6
\BOOKMARK [1][-]{section.1.3}{Movimientos Globales}{chapter.1}% 7
\BOOKMARK [2][-]{subsection.1.3.1}{Modelos de Redes El\341sticas \(ENM\)}{section.1.3}% 8
\BOOKMARK [2][-]{subsection.1.3.2}{An\341lisis de Modos Normales Est\341ndar \(NMA\)}{section.1.3}% 9
\BOOKMARK [2][-]{subsection.1.3.3}{An\341lisis por Componentes Principales \(PCA\)}{section.1.3}% 10
\BOOKMARK [1][-]{section.1.4}{Movimientos Locales}{chapter.1}% 11
\BOOKMARK [0][-]{chapter.2}{Estudios Actuales del Cotransportador vSGLT}{}% 12
\BOOKMARK [1][-]{section.2.1}{Transportadores}{chapter.2}% 13
\BOOKMARK [1][-]{section.2.2}{Algunas Familias Proteicas y enrollamiento LeuT \(LeuT fold\)}{chapter.2}% 14
\BOOKMARK [1][-]{section.2.3}{Co-transportador vSGLT}{chapter.2}% 15
\BOOKMARK [0][-]{chapter.3}{Simulaci\363n Computacional}{}% 16
\BOOKMARK [0][-]{chapter.4}{Resultados y An\341lisis}{}% 17
\BOOKMARK [0][-]{chapter.5}{Conclusiones y recomendaciones}{}% 18
\BOOKMARK [1][-]{section.5.1}{Conclusiones}{chapter.5}% 19
\BOOKMARK [1][-]{section.5.2}{Recomendaciones}{chapter.5}% 20
\BOOKMARK [0][-]{appendix.Alph1}{Anexo:}{}% 21
\BOOKMARK [0][-]{appendix.Alph2}{Anexo:}{}% 22
\BOOKMARK [0][-]{appendix.Alph2}{Bibliograf\355a}{}% 23
