This is pdfTeX, Version 3.14159265-2.6-1.40.15 (TeX Live 2015/dev/Debian) (preloaded format=pdflatex 2016.8.7)  8 DEC 2016 23:13
entering extended mode
 restricted \write18 enabled.
 %&-line parsing enabled.
**TesisMSc.tex
(./TesisMSc.tex
LaTeX2e <2014/05/01>
Babel <3.9l> and hyphenation patterns for 79 languages loaded.
(./EncabezadoTesisMSc.tex
(/usr/share/texlive/texmf-dist/tex/latex/koma-script/scrbook.cls
Document Class: scrbook 2013/12/19 v3.12 KOMA-Script document class (book)
(/usr/share/texlive/texmf-dist/tex/latex/koma-script/scrkbase.sty
Package: scrkbase 2013/12/19 v3.12 KOMA-Script package (KOMA-Script-dependent b
asics and keyval usage)

(/usr/share/texlive/texmf-dist/tex/latex/koma-script/scrbase.sty
Package: scrbase 2013/12/19 v3.12 KOMA-Script package (KOMA-Script-independent 
basics and keyval usage)

(/usr/share/texlive/texmf-dist/tex/latex/graphics/keyval.sty
Package: keyval 2014/05/08 v1.15 key=value parser (DPC)
\KV@toks@=\toks14
)
(/usr/share/texlive/texmf-dist/tex/latex/koma-script/scrlfile.sty
Package: scrlfile 2013/12/19 v3.12 KOMA-Script package (loading files)

Package scrlfile, 2013/12/19 v3.12 KOMA-Script package (loading files)
                  Copyright (C) Markus Kohm

))) (/usr/share/texlive/texmf-dist/tex/latex/koma-script/tocbasic.sty
Package: tocbasic 2013/12/19 v3.12 KOMA-Script package (handling toc-files)
)
Package tocbasic Info: omitting babel extension for `toc'
(tocbasic)             because of feature `nobabel' available
(tocbasic)             for `toc' on input line 117.
Package tocbasic Info: omitting babel extension for `lof'
(tocbasic)             because of feature `nobabel' available
(tocbasic)             for `lof' on input line 118.
Package tocbasic Info: omitting babel extension for `lot'
(tocbasic)             because of feature `nobabel' available
(tocbasic)             for `lot' on input line 119.
Package tocbasic Info: defining new hook before heading of `' on input line 111
8.
Package scrbook Info: You've used standard option `12pt'.
(scrbook)             This is correct!
(scrbook)             Internally I'm using `fontsize=12pt'.
(scrbook)             If you'd like to set the option with \KOMAoptions,
(scrbook)             you'd have to use `fontsize=12pt' there
(scrbook)             instead of `12pt', too.

(/usr/share/texlive/texmf-dist/tex/latex/base/fleqn.clo
File: fleqn.clo 1998/08/17 v1.1c Standard LaTeX option (flush left equations)
\mathindent=\dimen102
)
Class scrbook Info: You've used standard option `openany'.
(scrbook)           This is correct!
(scrbook)           Internally I'm using `open=any'.
(scrbook)           If you'd like to set the option with \KOMAoptions,
(scrbook)           you'd have to use `open=any' there
(scrbook)           instead of `openany', too.
Class scrbook Info: File `scrsize12pt.clo' used to setup font sizes on input li
ne 1655.

(/usr/share/texlive/texmf-dist/tex/latex/koma-script/scrsize12pt.clo
File: scrsize12pt.clo 2013/12/19 v3.12 KOMA-Script font size class option (12pt
)
)
(/usr/share/texlive/texmf-dist/tex/latex/koma-script/typearea.sty
Package: typearea 2013/12/19 v3.12 KOMA-Script package (type area)

Package typearea, 2013/12/19 v3.12 KOMA-Script package (type area)
                  Copyright (C) Frank Neukam, 1992-1994
                  Copyright (C) Markus Kohm, 1994-

\ta@bcor=\skip41
\ta@div=\count79
Package typearea Info: You've used standard option `letterpaper'.
(typearea)             This is correct!
(typearea)             Internally I'm using `paper=letter'.
(typearea)             If you'd like to set the option with \KOMAoptions,
(typearea)             you'd have to use `paper=letter' there
(typearea)             instead of `letterpaper', too.
\ta@hblk=\skip42
\ta@vblk=\skip43
\ta@temp=\skip44
\footheight=\skip45
Package typearea Info: These are the values describing the layout:
(typearea)             DIV  = 12
(typearea)             BCOR = 0.0pt
(typearea)             \paperwidth      = 614.295pt
(typearea)              \textwidth      = 460.72128pt
(typearea)              DIV departure   = -9%
(typearea)              \evensidemargin = 30.11249pt
(typearea)              \oddsidemargin  = -21.07875pt
(typearea)             \paperheight     = 794.96999pt
(typearea)              \textheight     = 606.5pt
(typearea)              \topmargin      = -45.89749pt
(typearea)              \headheight     = 18.125pt
(typearea)              \headsep        = 21.75pt
(typearea)              \topskip        = 12.0pt
(typearea)              \footskip       = 50.75pt
(typearea)              \baselineskip   = 14.5pt
(typearea)              on input line 1330.
)
\c@part=\count80
\c@chapter=\count81
\c@section=\count82
\c@subsection=\count83
\c@subsubsection=\count84
\c@paragraph=\count85
\c@subparagraph=\count86
\abovecaptionskip=\skip46
\belowcaptionskip=\skip47
\c@pti@nb@sid@b@x=\box26
\c@figure=\count87
\c@table=\count88
\bibindent=\dimen103
) (/usr/share/texlive/texmf-dist/tex/latex/base/inputenc.sty
Package: inputenc 2014/04/30 v1.2b Input encoding file
\inpenc@prehook=\toks15
\inpenc@posthook=\toks16

(/usr/share/texlive/texmf-dist/tex/latex/base/ansinew.def
File: ansinew.def 2014/04/30 v1.2b Input encoding file
))
(/usr/share/texlive/texmf-dist/tex/generic/babel/babel.sty
Package: babel 2014/09/25 3.9l The Babel package

(/usr/share/texlive/texmf-dist/tex/generic/babel-spanish/spanish.ldf
Language: spanish.ldf 2014/04/24 v5.0n Spanish support from the babel system

(/usr/share/texlive/texmf-dist/tex/generic/babel/babel.def
File: babel.def 2014/09/25 3.9l Babel common definitions
\babel@savecnt=\count89
\U@D=\dimen104
)
\es@quottoks=\toks17
\es@quotdepth=\count90
Package babel Info: Making " an active character on input line 516.
Package babel Info: Making . an active character on input line 617.
Package babel Info: Making < an active character on input line 662.
Package babel Info: Making > an active character on input line 662.
))

Class scrbook Warning: Usage of package `fancyhdr' together
(scrbook)              with a KOMA-Script class is not recommended.
(scrbook)              I'd suggest to use 
(scrbook)              package `scrpage2' or `scrlayer-scrpage'.
(scrbook)              Nevertheless, using requested
(scrbook)              package `fancyhdr' on input line 6.

(/usr/share/texlive/texmf-dist/tex/latex/fancyhdr/fancyhdr.sty
\fancy@headwidth=\skip48
\f@ncyO@elh=\skip49
\f@ncyO@erh=\skip50
\f@ncyO@olh=\skip51
\f@ncyO@orh=\skip52
\f@ncyO@elf=\skip53
\f@ncyO@erf=\skip54
\f@ncyO@olf=\skip55
\f@ncyO@orf=\skip56
)
(/usr/share/texlive/texmf-dist/tex/latex/graphics/epsfig.sty
Package: epsfig 1999/02/16 v1.7a (e)psfig emulation (SPQR)

(/usr/share/texlive/texmf-dist/tex/latex/graphics/graphicx.sty
Package: graphicx 2014/04/25 v1.0g Enhanced LaTeX Graphics (DPC,SPQR)

(/usr/share/texlive/texmf-dist/tex/latex/graphics/graphics.sty
Package: graphics 2009/02/05 v1.0o Standard LaTeX Graphics (DPC,SPQR)

(/usr/share/texlive/texmf-dist/tex/latex/graphics/trig.sty
Package: trig 1999/03/16 v1.09 sin cos tan (DPC)
)
(/usr/share/texlive/texmf-dist/tex/latex/latexconfig/graphics.cfg
File: graphics.cfg 2010/04/23 v1.9 graphics configuration of TeX Live
)
Package graphics Info: Driver file: pdftex.def on input line 91.

(/usr/share/texlive/texmf-dist/tex/latex/pdftex-def/pdftex.def
File: pdftex.def 2011/05/27 v0.06d Graphics/color for pdfTeX

(/usr/share/texlive/texmf-dist/tex/generic/oberdiek/infwarerr.sty
Package: infwarerr 2010/04/08 v1.3 Providing info/warning/error messages (HO)
)
(/usr/share/texlive/texmf-dist/tex/generic/oberdiek/ltxcmds.sty
Package: ltxcmds 2011/11/09 v1.22 LaTeX kernel commands for general use (HO)
)
\Gread@gobject=\count91
))
\Gin@req@height=\dimen105
\Gin@req@width=\dimen106
)
\epsfxsize=\dimen107
\epsfysize=\dimen108
)
(/usr/share/texlive/texmf-dist/tex/latex/eepic/epic.sty
Enhancements to Picture Environment. Version 1.2 - Released June 1, 1986
\@@multicnt=\count92
\d@lta=\count93
\@delta=\dimen109
\@@delta=\dimen110
\@gridcnt=\count94
\@joinkind=\count95
\@dotgap=\dimen111
\@ddotgap=\dimen112
\@x@diff=\count96
\@y@diff=\count97
\x@diff=\dimen113
\y@diff=\dimen114
\@dotbox=\box27
\num@segments=\count98
\num@segmentsi=\count99
\@datafile=\read1
) (/usr/share/texlive/texmf-dist/tex/latex/eepic/eepic.sty
Extension to Epic and LaTeX. Version 1.1e - Released Dec 21, 1999
\@gphlinewidth=\count100
\@eepictcnt=\count101
\@tempdimc=\dimen115
\maxovaldiam=\dimen116
\@filltype=\box28
) (/usr/share/texlive/texmf-dist/tex/latex/amsmath/amsmath.sty
Package: amsmath 2013/01/14 v2.14 AMS math features
\@mathmargin=\skip57

For additional information on amsmath, use the `?' option.
(/usr/share/texlive/texmf-dist/tex/latex/amsmath/amstext.sty
Package: amstext 2000/06/29 v2.01

(/usr/share/texlive/texmf-dist/tex/latex/amsmath/amsgen.sty
File: amsgen.sty 1999/11/30 v2.0
\@emptytoks=\toks18
\ex@=\dimen117
))
(/usr/share/texlive/texmf-dist/tex/latex/amsmath/amsbsy.sty
Package: amsbsy 1999/11/29 v1.2d
\pmbraise@=\dimen118
)
(/usr/share/texlive/texmf-dist/tex/latex/amsmath/amsopn.sty
Package: amsopn 1999/12/14 v2.01 operator names
)
\inf@bad=\count102
LaTeX Info: Redefining \frac on input line 210.
\uproot@=\count103
\leftroot@=\count104
LaTeX Info: Redefining \overline on input line 306.
\classnum@=\count105
\DOTSCASE@=\count106
LaTeX Info: Redefining \ldots on input line 378.
LaTeX Info: Redefining \dots on input line 381.
LaTeX Info: Redefining \cdots on input line 466.
\Mathstrutbox@=\box29
\strutbox@=\box30
\big@size=\dimen119
LaTeX Font Info:    Redeclaring font encoding OML on input line 566.
LaTeX Font Info:    Redeclaring font encoding OMS on input line 567.
\macc@depth=\count107
\c@MaxMatrixCols=\count108
\dotsspace@=\muskip10
\c@parentequation=\count109
\dspbrk@lvl=\count110
\tag@help=\toks19
\row@=\count111
\column@=\count112
\maxfields@=\count113
\andhelp@=\toks20
\eqnshift@=\dimen120
\alignsep@=\dimen121
\tagshift@=\dimen122
\tagwidth@=\dimen123
\totwidth@=\dimen124
\lineht@=\dimen125
\@envbody=\toks21
\multlinegap=\skip58
\multlinetaggap=\skip59
\mathdisplay@stack=\toks22
LaTeX Info: Redefining \[ on input line 2665.
LaTeX Info: Redefining \] on input line 2666.
)
(/usr/share/texlive/texmf-dist/tex/latex/threeparttable/threeparttable.sty
Package: threeparttable 2003/06/13  v 3.0
\@tempboxb=\box31
)
(/usr/share/texlive/texmf-dist/tex/latex/amsmath/amscd.sty
Package: amscd 1999/11/29 v2.0
\athelp@=\toks23
\minaw@=\dimen126
\bigaw@=\dimen127
\minCDarrowwidth=\dimen128
)
(/usr/share/texlive/texmf-dist/tex/latex/here/here.sty)
(/usr/share/texlive/texmf-dist/tex/latex/float/float.sty
Package: float 2001/11/08 v1.3d Float enhancements (AL)
\c@float@type=\count114
\float@exts=\toks24
\float@box=\box32
\@float@everytoks=\toks25
\@floatcapt=\box33
)
(/usr/share/texlive/texmf-dist/tex/latex/graphics/lscape.sty
Package: lscape 2000/10/22 v3.01 Landscape Pages (DPC)
)
(/usr/share/texlive/texmf-dist/tex/latex/tools/tabularx.sty
Package: tabularx 2014/10/28 v2.10 `tabularx' package (DPC)

(/usr/share/texlive/texmf-dist/tex/latex/tools/array.sty
Package: array 2014/10/28 v2.4c Tabular extension package (FMi)
\col@sep=\dimen129
\extrarowheight=\dimen130
\NC@list=\toks26
\extratabsurround=\skip60
\backup@length=\skip61
)
\TX@col@width=\dimen131
\TX@old@table=\dimen132
\TX@old@col=\dimen133
\TX@target=\dimen134
\TX@delta=\dimen135
\TX@cols=\count115
\TX@ftn=\toks27
)
(/usr/share/texlive/texmf-dist/tex/latex/subfigure/subfigure.sty
Package: subfigure 2002/03/15 v2.1.5 subfigure package
\subfigtopskip=\skip62
\subfigcapskip=\skip63
\subfigcaptopadj=\dimen136
\subfigbottomskip=\skip64
\subfigcapmargin=\dimen137
\subfiglabelskip=\skip65
\c@subfigure=\count116
\c@lofdepth=\count117
\c@subtable=\count118
\c@lotdepth=\count119

****************************************
* Local config file subfigure.cfg used *
****************************************
(/usr/share/texlive/texmf-dist/tex/latex/subfigure/subfigure.cfg)
\subfig@top=\skip66
\subfig@bottom=\skip67
)
(/usr/share/texlive/texmf-dist/tex/latex/tools/longtable.sty
Package: longtable 2014/10/28 v4.11 Multi-page Table package (DPC)
\LTleft=\skip68
\LTright=\skip69
\LTpre=\skip70
\LTpost=\skip71
\LTchunksize=\count120
\LTcapwidth=\dimen138
\LT@head=\box34
\LT@firsthead=\box35
\LT@foot=\box36
\LT@lastfoot=\box37
\LT@cols=\count121
\LT@rows=\count122
\c@LT@tables=\count123
\c@LT@chunks=\count124
\LT@p@ftn=\toks28
)
Class scrbook Info: longtable captions redefined on input line 18.

(/usr/share/texlive/texmf-dist/tex/latex/url/url.sty
\Urlmuskip=\muskip11
Package: url 2013/09/16  ver 3.4  Verb mode for urls, etc.
)
(/usr/share/texlive/texmf-dist/tex/latex/hyperref/hyperref.sty
Package: hyperref 2012/11/06 v6.83m Hypertext links for LaTeX

(/usr/share/texlive/texmf-dist/tex/generic/oberdiek/hobsub-hyperref.sty
Package: hobsub-hyperref 2012/05/28 v1.13 Bundle oberdiek, subset hyperref (HO)


(/usr/share/texlive/texmf-dist/tex/generic/oberdiek/hobsub-generic.sty
Package: hobsub-generic 2012/05/28 v1.13 Bundle oberdiek, subset generic (HO)
Package: hobsub 2012/05/28 v1.13 Construct package bundles (HO)
Package hobsub Info: Skipping package `infwarerr' (already loaded).
Package hobsub Info: Skipping package `ltxcmds' (already loaded).
Package: ifluatex 2010/03/01 v1.3 Provides the ifluatex switch (HO)
Package ifluatex Info: LuaTeX not detected.
Package: ifvtex 2010/03/01 v1.5 Detect VTeX and its facilities (HO)
Package ifvtex Info: VTeX not detected.
Package: intcalc 2007/09/27 v1.1 Expandable calculations with integers (HO)
Package: ifpdf 2011/01/30 v2.3 Provides the ifpdf switch (HO)
Package ifpdf Info: pdfTeX in PDF mode is detected.
Package: etexcmds 2011/02/16 v1.5 Avoid name clashes with e-TeX commands (HO)
Package etexcmds Info: Could not find \expanded.
(etexcmds)             That can mean that you are not using pdfTeX 1.50 or
(etexcmds)             that some package has redefined \expanded.
(etexcmds)             In the latter case, load this package earlier.
Package: kvsetkeys 2012/04/25 v1.16 Key value parser (HO)
Package: kvdefinekeys 2011/04/07 v1.3 Define keys (HO)
Package: pdftexcmds 2011/11/29 v0.20 Utility functions of pdfTeX for LuaTeX (HO
)
Package pdftexcmds Info: LuaTeX not detected.
Package pdftexcmds Info: \pdf@primitive is available.
Package pdftexcmds Info: \pdf@ifprimitive is available.
Package pdftexcmds Info: \pdfdraftmode found.
Package: pdfescape 2011/11/25 v1.13 Implements pdfTeX's escape features (HO)
Package: bigintcalc 2012/04/08 v1.3 Expandable calculations on big integers (HO
)
Package: bitset 2011/01/30 v1.1 Handle bit-vector datatype (HO)
Package: uniquecounter 2011/01/30 v1.2 Provide unlimited unique counter (HO)
)
Package hobsub Info: Skipping package `hobsub' (already loaded).
Package: letltxmacro 2010/09/02 v1.4 Let assignment for LaTeX macros (HO)
Package: hopatch 2012/05/28 v1.2 Wrapper for package hooks (HO)
Package: xcolor-patch 2011/01/30 xcolor patch
Package: atveryend 2011/06/30 v1.8 Hooks at the very end of document (HO)
Package atveryend Info: \enddocument detected (standard20110627).
Package: atbegshi 2011/10/05 v1.16 At begin shipout hook (HO)
Package: refcount 2011/10/16 v3.4 Data extraction from label references (HO)
Package: hycolor 2011/01/30 v1.7 Color options for hyperref/bookmark (HO)
)
(/usr/share/texlive/texmf-dist/tex/generic/ifxetex/ifxetex.sty
Package: ifxetex 2010/09/12 v0.6 Provides ifxetex conditional
)
(/usr/share/texlive/texmf-dist/tex/latex/oberdiek/auxhook.sty
Package: auxhook 2011/03/04 v1.3 Hooks for auxiliary files (HO)
)
(/usr/share/texlive/texmf-dist/tex/latex/oberdiek/kvoptions.sty
Package: kvoptions 2011/06/30 v3.11 Key value format for package options (HO)
)
\@linkdim=\dimen139
\Hy@linkcounter=\count125
\Hy@pagecounter=\count126

(/usr/share/texlive/texmf-dist/tex/latex/hyperref/pd1enc.def
File: pd1enc.def 2012/11/06 v6.83m Hyperref: PDFDocEncoding definition (HO)
)
\Hy@SavedSpaceFactor=\count127

(/usr/share/texlive/texmf-dist/tex/latex/latexconfig/hyperref.cfg
File: hyperref.cfg 2002/06/06 v1.2 hyperref configuration of TeXLive
)
Package hyperref Info: Hyper figures OFF on input line 4443.
Package hyperref Info: Link nesting OFF on input line 4448.
Package hyperref Info: Hyper index ON on input line 4451.
Package hyperref Info: Plain pages OFF on input line 4458.
Package hyperref Info: Backreferencing OFF on input line 4463.
Package hyperref Info: Implicit mode ON; LaTeX internals redefined.
Package hyperref Info: Bookmarks ON on input line 4688.
\c@Hy@tempcnt=\count128
LaTeX Info: Redefining \url on input line 5041.
\XeTeXLinkMargin=\dimen140
\Fld@menulength=\count129
\Field@Width=\dimen141
\Fld@charsize=\dimen142
Package hyperref Info: Hyper figures OFF on input line 6295.
Package hyperref Info: Link nesting OFF on input line 6300.
Package hyperref Info: Hyper index ON on input line 6303.
Package hyperref Info: backreferencing OFF on input line 6310.
Package hyperref Info: Link coloring OFF on input line 6315.
Package hyperref Info: Link coloring with OCG OFF on input line 6320.
Package hyperref Info: PDF/A mode OFF on input line 6325.
LaTeX Info: Redefining \ref on input line 6365.
LaTeX Info: Redefining \pageref on input line 6369.
\Hy@abspage=\count130
\c@Item=\count131
\c@Hfootnote=\count132
)

Package hyperref Message: Driver (autodetected): hpdftex.

(/usr/share/texlive/texmf-dist/tex/latex/hyperref/hpdftex.def
File: hpdftex.def 2012/11/06 v6.83m Hyperref driver for pdfTeX
\Fld@listcount=\count133
\c@bookmark@seq@number=\count134

(/usr/share/texlive/texmf-dist/tex/latex/oberdiek/rerunfilecheck.sty
Package: rerunfilecheck 2011/04/15 v1.7 Rerun checks for auxiliary files (HO)
Package uniquecounter Info: New unique counter `rerunfilecheck' on input line 2
82.
)
\Hy@SectionHShift=\skip72
)
(/usr/share/texlive/texmf-dist/tex/latex/rotating/rotating.sty
Package: rotating 2009/03/28 v2.16a rotated objects in LaTeX

(/usr/share/texlive/texmf-dist/tex/latex/base/ifthen.sty
Package: ifthen 2014/09/29 v1.1c Standard LaTeX ifthen package (DPC)
)
\c@r@tfl@t=\count135
\rotFPtop=\skip73
\rotFPbot=\skip74
\rot@float@box=\box38
\rot@mess@toks=\toks29
) (./Befehle.sty)

Class scrbook Warning: Usage of package `titlesec' together
(scrbook)              with a KOMA-Script class is not recommended.
(scrbook)              I'd suggest to use the package only
(scrbook)              if you really need it, because it breaks several
(scrbook)              KOMA-Script features, i.e., option `headings' and
(scrbook)              the extended optional argument of the section
(scrbook)              commands .
(scrbook)              Nevertheless, using requested
(scrbook)              package `titlesec' on input line 67.

(/usr/share/texlive/texmf-dist/tex/latex/titlesec/titlesec.sty
Package: titlesec 2011/12/15 v2.10.0 Sectioning titles
\ttl@box=\box39
\beforetitleunit=\skip75
\aftertitleunit=\skip76
\ttl@plus=\dimen143
\ttl@minus=\dimen144
\ttl@toksa=\toks30
\titlewidth=\dimen145
\titlewidthlast=\dimen146
\titlewidthfirst=\dimen147
)
(/usr/share/texlive/texmf-dist/tex/latex/lipsum/lipsum.sty
Package: lipsum 2014/07/27 v1.3 150 paragraphs of Lorem Ipsum dummy text
\c@lips@count=\count136
)) (./TesisMSc.aux
(./HojaTitulo/HojaTituloMSc.aux)
LaTeX Info: Redefining \. on input line 24.
LaTeX Info: Redefining \% on input line 24.
 (./Tab_Simbolos/TabSimbolosMSc.aux

LaTeX Warning: Label `simbolosg' multiply defined.


LaTeX Warning: Label `simbolosg' multiply defined.


LaTeX Warning: Label `simbolosg' multiply defined.

) (./Kap1/Kap1.aux) (./Kap2/Kap2.aux) (./Kap3/Kap3.aux) (./Kap4/Kap4.aux)
(./Kap5/Kap5.aux) (./Kap6/Kap6.aux) (./Anexos/Anexos.aux))
\openout1 = `TesisMSc.aux'.

LaTeX Font Info:    Checking defaults for OML/cmm/m/it on input line 3.
LaTeX Font Info:    ... okay on input line 3.
LaTeX Font Info:    Checking defaults for T1/cmr/m/n on input line 3.
LaTeX Font Info:    ... okay on input line 3.
LaTeX Font Info:    Checking defaults for OT1/cmr/m/n on input line 3.
LaTeX Font Info:    ... okay on input line 3.
LaTeX Font Info:    Checking defaults for OMS/cmsy/m/n on input line 3.
LaTeX Font Info:    ... okay on input line 3.
LaTeX Font Info:    Checking defaults for OMX/cmex/m/n on input line 3.
LaTeX Font Info:    ... okay on input line 3.
LaTeX Font Info:    Checking defaults for U/cmr/m/n on input line 3.
LaTeX Font Info:    ... okay on input line 3.
LaTeX Font Info:    Checking defaults for PD1/pdf/m/n on input line 3.
LaTeX Font Info:    ... okay on input line 3.
LaTeX Info: Redefining \. on input line 3.
LaTeX Info: Redefining \% on input line 3.

(/usr/share/texlive/texmf-dist/tex/context/base/supp-pdf.mkii
[Loading MPS to PDF converter (version 2006.09.02).]
\scratchcounter=\count137
\scratchdimen=\dimen148
\scratchbox=\box40
\nofMPsegments=\count138
\nofMParguments=\count139
\everyMPshowfont=\toks31
\MPscratchCnt=\count140
\MPscratchDim=\dimen149
\MPnumerator=\count141
\makeMPintoPDFobject=\count142
\everyMPtoPDFconversion=\toks32
) (/usr/share/texlive/texmf-dist/tex/latex/oberdiek/epstopdf-base.sty
Package: epstopdf-base 2010/02/09 v2.5 Base part for package epstopdf

(/usr/share/texlive/texmf-dist/tex/latex/oberdiek/grfext.sty
Package: grfext 2010/08/19 v1.1 Manage graphics extensions (HO)
)
Package grfext Info: Graphics extension search list:
(grfext)             [.png,.pdf,.jpg,.mps,.jpeg,.jbig2,.jb2,.PNG,.PDF,.JPG,.JPE
G,.JBIG2,.JB2,.eps]
(grfext)             \AppendGraphicsExtensions on input line 452.

(/usr/share/texlive/texmf-dist/tex/latex/latexconfig/epstopdf-sys.cfg
File: epstopdf-sys.cfg 2010/07/13 v1.3 Configuration of (r)epstopdf for TeX Liv
e
))
\AtBeginShipoutBox=\box41
Package hyperref Info: Link coloring OFF on input line 3.

(/usr/share/texlive/texmf-dist/tex/latex/hyperref/nameref.sty
Package: nameref 2012/10/27 v2.43 Cross-referencing by name of section

(/usr/share/texlive/texmf-dist/tex/generic/oberdiek/gettitlestring.sty
Package: gettitlestring 2010/12/03 v1.4 Cleanup title references (HO)
)
\c@section@level=\count143
)
LaTeX Info: Redefining \ref on input line 3.
LaTeX Info: Redefining \pageref on input line 3.
LaTeX Info: Redefining \nameref on input line 3.

(./TesisMSc.out) (./TesisMSc.out)
\@outlinefile=\write3
\openout3 = `TesisMSc.out'.

\openout2 = `HojaTitulo/HojaTituloMSc.aux'.

 (./HojaTitulo/HojaTituloMSc.tex
Package epstopdf Info: Source file: <HojaTitulo/logo.eps>
(epstopdf)                    date: 2016-08-03 11:37:30
(epstopdf)                    size: 132992 bytes
(epstopdf)             Output file: <HojaTitulo/logo-eps-converted-to.pdf>
(epstopdf)                    date: 2016-08-03 11:37:30
(epstopdf)                    size: 26008 bytes
(epstopdf)             Command: <repstopdf --outfile=HojaTitulo/logo-eps-conver
ted-to.pdf HojaTitulo/logo.eps>
(epstopdf)             \includegraphics on input line 6.
Package epstopdf Info: Output file is already uptodate.

<HojaTitulo/logo-eps-converted-to.pdf, id=91, 279.0425pt x 336.25626pt>
File: HojaTitulo/logo-eps-converted-to.pdf Graphic file (type pdf)

<use HojaTitulo/logo-eps-converted-to.pdf>
Package pdftex.def Info: HojaTitulo/logo-eps-converted-to.pdf used on input lin
e 6.
(pdftex.def)             Requested size: 69.76045pt x 84.06386pt.
Package babel Info: Redefining spanish shorthand <<
(babel)             in language  on input line 17.
Package babel Info: Redefining spanish shorthand >>
(babel)             in language  on input line 17.
Package babel Info: Redefining spanish shorthand "=
(babel)             in language  on input line 17.
Package babel Info: Redefining spanish shorthand "~
(babel)             in language  on input line 17.
Package babel Info: Redefining spanish shorthand "!
(babel)             in language  on input line 17.
Package babel Info: Redefining spanish shorthand "?
(babel)             in language  on input line 17.
Package babel Info: Redefining spanish shorthand <<
(babel)             in language  on input line 17.
Package babel Info: Redefining spanish shorthand >>
(babel)             in language  on input line 17.
Package babel Info: Redefining spanish shorthand "=
(babel)             in language  on input line 17.
Package babel Info: Redefining spanish shorthand "~
(babel)             in language  on input line 17.
Package babel Info: Redefining spanish shorthand "!
(babel)             in language  on input line 17.
Package babel Info: Redefining spanish shorthand "?
(babel)             in language  on input line 17.
 [1


{/var/lib/texmf/fonts/map/pdftex/updmap/pdftex.map} <./HojaTitulo/logo-eps-conv
erted-to.pdf>]
Package babel Info: Redefining spanish shorthand <<
(babel)             in language  on input line 17.
Package babel Info: Redefining spanish shorthand >>
(babel)             in language  on input line 17.
Package babel Info: Redefining spanish shorthand "=
(babel)             in language  on input line 17.
Package babel Info: Redefining spanish shorthand "~
(babel)             in language  on input line 17.
Package babel Info: Redefining spanish shorthand "!
(babel)             in language  on input line 17.
Package babel Info: Redefining spanish shorthand "?
(babel)             in language  on input line 17.
Package babel Info: Redefining spanish shorthand <<
(babel)             in language  on input line 17.
Package babel Info: Redefining spanish shorthand >>
(babel)             in language  on input line 17.
Package babel Info: Redefining spanish shorthand "=
(babel)             in language  on input line 17.
Package babel Info: Redefining spanish shorthand "~
(babel)             in language  on input line 17.
Package babel Info: Redefining spanish shorthand "!
(babel)             in language  on input line 17.
Package babel Info: Redefining spanish shorthand "?
(babel)             in language  on input line 17.
 [2


]
Package babel Info: Redefining spanish shorthand <<
(babel)             in language  on input line 39.
Package babel Info: Redefining spanish shorthand >>
(babel)             in language  on input line 39.
Package babel Info: Redefining spanish shorthand "=
(babel)             in language  on input line 39.
Package babel Info: Redefining spanish shorthand "~
(babel)             in language  on input line 39.
Package babel Info: Redefining spanish shorthand "!
(babel)             in language  on input line 39.
Package babel Info: Redefining spanish shorthand "?
(babel)             in language  on input line 39.
Package babel Info: Redefining spanish shorthand <<
(babel)             in language  on input line 39.
Package babel Info: Redefining spanish shorthand >>
(babel)             in language  on input line 39.
Package babel Info: Redefining spanish shorthand "=
(babel)             in language  on input line 39.
Package babel Info: Redefining spanish shorthand "~
(babel)             in language  on input line 39.
Package babel Info: Redefining spanish shorthand "!
(babel)             in language  on input line 39.
Package babel Info: Redefining spanish shorthand "?
(babel)             in language  on input line 39.
 [3]
Package babel Info: Redefining spanish shorthand <<
(babel)             in language  on input line 39.
Package babel Info: Redefining spanish shorthand >>
(babel)             in language  on input line 39.
Package babel Info: Redefining spanish shorthand "=
(babel)             in language  on input line 39.
Package babel Info: Redefining spanish shorthand "~
(babel)             in language  on input line 39.
Package babel Info: Redefining spanish shorthand "!
(babel)             in language  on input line 39.
Package babel Info: Redefining spanish shorthand "?
(babel)             in language  on input line 39.
Package babel Info: Redefining spanish shorthand <<
(babel)             in language  on input line 39.
Package babel Info: Redefining spanish shorthand >>
(babel)             in language  on input line 39.
Package babel Info: Redefining spanish shorthand "=
(babel)             in language  on input line 39.
Package babel Info: Redefining spanish shorthand "~
(babel)             in language  on input line 39.
Package babel Info: Redefining spanish shorthand "!
(babel)             in language  on input line 39.
Package babel Info: Redefining spanish shorthand "?
(babel)             in language  on input line 39.
 [4


]
Underfull \hbox (badness 10000) in paragraph at lines 42--45

 []


Underfull \hbox (badness 10000) in paragraph at lines 42--45

 []


Underfull \hbox (badness 10000) in paragraph at lines 42--45

 []


Underfull \hbox (badness 10000) in paragraph at lines 48--58

 []


Underfull \hbox (badness 10000) in paragraph at lines 48--58

 []


Underfull \hbox (badness 10000) in paragraph at lines 48--58

 []


Underfull \hbox (badness 10000) in paragraph at lines 48--58

 []

Package babel Info: Redefining spanish shorthand <<
(babel)             in language  on input line 61.
Package babel Info: Redefining spanish shorthand >>
(babel)             in language  on input line 61.
Package babel Info: Redefining spanish shorthand "=
(babel)             in language  on input line 61.
Package babel Info: Redefining spanish shorthand "~
(babel)             in language  on input line 61.
Package babel Info: Redefining spanish shorthand "!
(babel)             in language  on input line 61.
Package babel Info: Redefining spanish shorthand "?
(babel)             in language  on input line 61.
Package babel Info: Redefining spanish shorthand <<
(babel)             in language  on input line 61.
Package babel Info: Redefining spanish shorthand >>
(babel)             in language  on input line 61.
Package babel Info: Redefining spanish shorthand "=
(babel)             in language  on input line 61.
Package babel Info: Redefining spanish shorthand "~
(babel)             in language  on input line 61.
Package babel Info: Redefining spanish shorthand "!
(babel)             in language  on input line 61.
Package babel Info: Redefining spanish shorthand "?
(babel)             in language  on input line 61.
[5]
Package babel Info: Redefining spanish shorthand <<
(babel)             in language  on input line 61.
Package babel Info: Redefining spanish shorthand >>
(babel)             in language  on input line 61.
Package babel Info: Redefining spanish shorthand "=
(babel)             in language  on input line 61.
Package babel Info: Redefining spanish shorthand "~
(babel)             in language  on input line 61.
Package babel Info: Redefining spanish shorthand "!
(babel)             in language  on input line 61.
Package babel Info: Redefining spanish shorthand "?
(babel)             in language  on input line 61.
Package babel Info: Redefining spanish shorthand <<
(babel)             in language  on input line 61.
Package babel Info: Redefining spanish shorthand >>
(babel)             in language  on input line 61.
Package babel Info: Redefining spanish shorthand "=
(babel)             in language  on input line 61.
Package babel Info: Redefining spanish shorthand "~
(babel)             in language  on input line 61.
Package babel Info: Redefining spanish shorthand "!
(babel)             in language  on input line 61.
Package babel Info: Redefining spanish shorthand "?
(babel)             in language  on input line 61.
 [6


]
Package babel Info: Redefining spanish shorthand <<
(babel)             in language  on input line 67.
Package babel Info: Redefining spanish shorthand >>
(babel)             in language  on input line 67.
Package babel Info: Redefining spanish shorthand "=
(babel)             in language  on input line 67.
Package babel Info: Redefining spanish shorthand "~
(babel)             in language  on input line 67.
Package babel Info: Redefining spanish shorthand "!
(babel)             in language  on input line 67.
Package babel Info: Redefining spanish shorthand "?
(babel)             in language  on input line 67.

Underfull \hbox (badness 10000) in paragraph at lines 64--69

 []


Underfull \hbox (badness 10000) in paragraph at lines 64--69

 []


Underfull \hbox (badness 10000) in paragraph at lines 64--69

 []


Underfull \hbox (badness 10000) in paragraph at lines 64--69

 []

Package babel Info: Redefining spanish shorthand <<
(babel)             in language  on input line 70.
Package babel Info: Redefining spanish shorthand >>
(babel)             in language  on input line 70.
Package babel Info: Redefining spanish shorthand "=
(babel)             in language  on input line 70.
Package babel Info: Redefining spanish shorthand "~
(babel)             in language  on input line 70.
Package babel Info: Redefining spanish shorthand "!
(babel)             in language  on input line 70.
Package babel Info: Redefining spanish shorthand "?
(babel)             in language  on input line 70.
Package babel Info: Redefining spanish shorthand <<
(babel)             in language  on input line 70.
Package babel Info: Redefining spanish shorthand >>
(babel)             in language  on input line 70.
Package babel Info: Redefining spanish shorthand "=
(babel)             in language  on input line 70.
Package babel Info: Redefining spanish shorthand "~
(babel)             in language  on input line 70.
Package babel Info: Redefining spanish shorthand "!
(babel)             in language  on input line 70.
Package babel Info: Redefining spanish shorthand "?
(babel)             in language  on input line 70.
[7]
Package babel Info: Redefining spanish shorthand <<
(babel)             in language  on input line 70.
Package babel Info: Redefining spanish shorthand >>
(babel)             in language  on input line 70.
Package babel Info: Redefining spanish shorthand "=
(babel)             in language  on input line 70.
Package babel Info: Redefining spanish shorthand "~
(babel)             in language  on input line 70.
Package babel Info: Redefining spanish shorthand "!
(babel)             in language  on input line 70.
Package babel Info: Redefining spanish shorthand "?
(babel)             in language  on input line 70.
Package babel Info: Redefining spanish shorthand <<
(babel)             in language  on input line 70.
Package babel Info: Redefining spanish shorthand >>
(babel)             in language  on input line 70.
Package babel Info: Redefining spanish shorthand "=
(babel)             in language  on input line 70.
Package babel Info: Redefining spanish shorthand "~
(babel)             in language  on input line 70.
Package babel Info: Redefining spanish shorthand "!
(babel)             in language  on input line 70.
Package babel Info: Redefining spanish shorthand "?
(babel)             in language  on input line 70.
 [8


]
Package babel Info: Redefining spanish shorthand <<
(babel)             in language  on input line 74.
Package babel Info: Redefining spanish shorthand >>
(babel)             in language  on input line 74.
Package babel Info: Redefining spanish shorthand "=
(babel)             in language  on input line 74.
Package babel Info: Redefining spanish shorthand "~
(babel)             in language  on input line 74.
Package babel Info: Redefining spanish shorthand "!
(babel)             in language  on input line 74.
Package babel Info: Redefining spanish shorthand "?
(babel)             in language  on input line 74.

Underfull \hbox (badness 10000) in paragraph at lines 73--75

 []


Underfull \hbox (badness 10000) in paragraph at lines 73--75

 []


Underfull \hbox (badness 10000) in paragraph at lines 76--77

 []


Underfull \hbox (badness 10000) in paragraph at lines 78--79

 []


Underfull \hbox (badness 10000) in paragraph at lines 80--81

 []


Underfull \hbox (badness 10000) in paragraph at lines 92--93

 []


Underfull \hbox (badness 10000) in paragraph at lines 94--95

 []

)
Underfull \hbox (badness 10000) in paragraph at lines 96--5

 []


Underfull \hbox (badness 10000) in paragraph at lines 96--5

 []

Package babel Info: Redefining spanish shorthand <<
(babel)             in language  on input line 5.
Package babel Info: Redefining spanish shorthand >>
(babel)             in language  on input line 5.
Package babel Info: Redefining spanish shorthand "=
(babel)             in language  on input line 5.
Package babel Info: Redefining spanish shorthand "~
(babel)             in language  on input line 5.
Package babel Info: Redefining spanish shorthand "!
(babel)             in language  on input line 5.
Package babel Info: Redefining spanish shorthand "?
(babel)             in language  on input line 5.
Package babel Info: Redefining spanish shorthand <<
(babel)             in language  on input line 5.
Package babel Info: Redefining spanish shorthand >>
(babel)             in language  on input line 5.
Package babel Info: Redefining spanish shorthand "=
(babel)             in language  on input line 5.
Package babel Info: Redefining spanish shorthand "~
(babel)             in language  on input line 5.
Package babel Info: Redefining spanish shorthand "!
(babel)             in language  on input line 5.
Package babel Info: Redefining spanish shorthand "?
(babel)             in language  on input line 5.
[9]
Package babel Info: Redefining spanish shorthand <<
(babel)             in language  on input line 5.
Package babel Info: Redefining spanish shorthand >>
(babel)             in language  on input line 5.
Package babel Info: Redefining spanish shorthand "=
(babel)             in language  on input line 5.
Package babel Info: Redefining spanish shorthand "~
(babel)             in language  on input line 5.
Package babel Info: Redefining spanish shorthand "!
(babel)             in language  on input line 5.
Package babel Info: Redefining spanish shorthand "?
(babel)             in language  on input line 5.
Package babel Info: Redefining spanish shorthand <<
(babel)             in language  on input line 5.
Package babel Info: Redefining spanish shorthand >>
(babel)             in language  on input line 5.
Package babel Info: Redefining spanish shorthand "=
(babel)             in language  on input line 5.
Package babel Info: Redefining spanish shorthand "~
(babel)             in language  on input line 5.
Package babel Info: Redefining spanish shorthand "!
(babel)             in language  on input line 5.
Package babel Info: Redefining spanish shorthand "?
(babel)             in language  on input line 5.
 [10] (./TesisMSc.toc

LaTeX Font Warning: Font shape `OT1/cmss/bx/sc' undefined
(Font)              using `OT1/cmss/bx/n' instead on input line 1.


Package spanish Warning: Replacing `OT1/cmss/bx/sc' by 
(spanish)                faked small caps on input line 1.


Package spanish Warning: Replacing `OT1/cmss/bx/sc' by 
(spanish)                faked small caps on input line 2.

LaTeX Info: Redefining \. on input line 3.
LaTeX Info: Redefining \% on input line 3.

Package spanish Warning: Replacing `OT1/cmss/bx/sc' by 
(spanish)                faked small caps on input line 4.

)
\tf@toc=\write4
\openout4 = `TesisMSc.toc'.

Package babel Info: Redefining spanish shorthand <<
(babel)             in language  on input line 14.
Package babel Info: Redefining spanish shorthand >>
(babel)             in language  on input line 14.
Package babel Info: Redefining spanish shorthand "=
(babel)             in language  on input line 14.
Package babel Info: Redefining spanish shorthand "~
(babel)             in language  on input line 14.
Package babel Info: Redefining spanish shorthand "!
(babel)             in language  on input line 14.
Package babel Info: Redefining spanish shorthand "?
(babel)             in language  on input line 14.
Package babel Info: Redefining spanish shorthand <<
(babel)             in language  on input line 14.
Package babel Info: Redefining spanish shorthand >>
(babel)             in language  on input line 14.
Package babel Info: Redefining spanish shorthand "=
(babel)             in language  on input line 14.
Package babel Info: Redefining spanish shorthand "~
(babel)             in language  on input line 14.
Package babel Info: Redefining spanish shorthand "!
(babel)             in language  on input line 14.
Package babel Info: Redefining spanish shorthand "?
(babel)             in language  on input line 14.
 [11


]
\openout2 = `Tab_Simbolos/TabSimbolosMSc.aux'.

 (./Tab_Simbolos/TabSimbolosMSc.tex
Package babel Info: Redefining spanish shorthand <<
(babel)             in language  on input line 2.
Package babel Info: Redefining spanish shorthand >>
(babel)             in language  on input line 2.
Package babel Info: Redefining spanish shorthand "=
(babel)             in language  on input line 2.
Package babel Info: Redefining spanish shorthand "~
(babel)             in language  on input line 2.
Package babel Info: Redefining spanish shorthand "!
(babel)             in language  on input line 2.
Package babel Info: Redefining spanish shorthand "?
(babel)             in language  on input line 2.

Underfull \hbox (badness 10000) in paragraph at lines 3--4

 []

Package babel Info: Redefining spanish shorthand <<
(babel)             in language  on input line 50.
Package babel Info: Redefining spanish shorthand >>
(babel)             in language  on input line 50.
Package babel Info: Redefining spanish shorthand "=
(babel)             in language  on input line 50.
Package babel Info: Redefining spanish shorthand "~
(babel)             in language  on input line 50.
Package babel Info: Redefining spanish shorthand "!
(babel)             in language  on input line 50.
Package babel Info: Redefining spanish shorthand "?
(babel)             in language  on input line 50.
Package babel Info: Redefining spanish shorthand <<
(babel)             in language  on input line 50.
Package babel Info: Redefining spanish shorthand >>
(babel)             in language  on input line 50.
Package babel Info: Redefining spanish shorthand "=
(babel)             in language  on input line 50.
Package babel Info: Redefining spanish shorthand "~
(babel)             in language  on input line 50.
Package babel Info: Redefining spanish shorthand "!
(babel)             in language  on input line 50.
Package babel Info: Redefining spanish shorthand "?
(babel)             in language  on input line 50.
[12


]
LaTeX Info: Redefining \. on input line 78.
LaTeX Info: Redefining \% on input line 78.
Package babel Info: Redefining spanish shorthand <<
(babel)             in language  on input line 78.
Package babel Info: Redefining spanish shorthand >>
(babel)             in language  on input line 78.
Package babel Info: Redefining spanish shorthand "=
(babel)             in language  on input line 78.
Package babel Info: Redefining spanish shorthand "~
(babel)             in language  on input line 78.
Package babel Info: Redefining spanish shorthand "!
(babel)             in language  on input line 78.
Package babel Info: Redefining spanish shorthand "?
(babel)             in language  on input line 78.
Package babel Info: Redefining spanish shorthand <<
(babel)             in language  on input line 78.
Package babel Info: Redefining spanish shorthand >>
(babel)             in language  on input line 78.
Package babel Info: Redefining spanish shorthand "=
(babel)             in language  on input line 78.
Package babel Info: Redefining spanish shorthand "~
(babel)             in language  on input line 78.
Package babel Info: Redefining spanish shorthand "!
(babel)             in language  on input line 78.
Package babel Info: Redefining spanish shorthand "?
(babel)             in language  on input line 78.
 [13]
Underfull \vbox (badness 10000) has occurred while \output is active []

LaTeX Info: Redefining \. on input line 122.
LaTeX Info: Redefining \% on input line 122.
Package babel Info: Redefining spanish shorthand <<
(babel)             in language  on input line 122.
Package babel Info: Redefining spanish shorthand >>
(babel)             in language  on input line 122.
Package babel Info: Redefining spanish shorthand "=
(babel)             in language  on input line 122.
Package babel Info: Redefining spanish shorthand "~
(babel)             in language  on input line 122.
Package babel Info: Redefining spanish shorthand "!
(babel)             in language  on input line 122.
Package babel Info: Redefining spanish shorthand "?
(babel)             in language  on input line 122.
Package babel Info: Redefining spanish shorthand <<
(babel)             in language  on input line 122.
Package babel Info: Redefining spanish shorthand >>
(babel)             in language  on input line 122.
Package babel Info: Redefining spanish shorthand "=
(babel)             in language  on input line 122.
Package babel Info: Redefining spanish shorthand "~
(babel)             in language  on input line 122.
Package babel Info: Redefining spanish shorthand "!
(babel)             in language  on input line 122.
Package babel Info: Redefining spanish shorthand "?
(babel)             in language  on input line 122.
 [14])
LaTeX Info: Redefining \. on input line 14.
LaTeX Info: Redefining \% on input line 14.
Package babel Info: Redefining spanish shorthand <<
(babel)             in language  on input line 14.
Package babel Info: Redefining spanish shorthand >>
(babel)             in language  on input line 14.
Package babel Info: Redefining spanish shorthand "=
(babel)             in language  on input line 14.
Package babel Info: Redefining spanish shorthand "~
(babel)             in language  on input line 14.
Package babel Info: Redefining spanish shorthand "!
(babel)             in language  on input line 14.
Package babel Info: Redefining spanish shorthand "?
(babel)             in language  on input line 14.
Package babel Info: Redefining spanish shorthand <<
(babel)             in language  on input line 14.
Package babel Info: Redefining spanish shorthand >>
(babel)             in language  on input line 14.
Package babel Info: Redefining spanish shorthand "=
(babel)             in language  on input line 14.
Package babel Info: Redefining spanish shorthand "~
(babel)             in language  on input line 14.
Package babel Info: Redefining spanish shorthand "!
(babel)             in language  on input line 14.
Package babel Info: Redefining spanish shorthand "?
(babel)             in language  on input line 14.

[15]
\openout2 = `Kap1/Kap1.aux'.

 (./Kap1/Kap1.tex
Underfull \hbox (badness 10000) in paragraph at lines 2--4

 []

)
Package babel Info: Redefining spanish shorthand <<
(babel)             in language  on input line 17.
Package babel Info: Redefining spanish shorthand >>
(babel)             in language  on input line 17.
Package babel Info: Redefining spanish shorthand "=
(babel)             in language  on input line 17.
Package babel Info: Redefining spanish shorthand "~
(babel)             in language  on input line 17.
Package babel Info: Redefining spanish shorthand "!
(babel)             in language  on input line 17.
Package babel Info: Redefining spanish shorthand "?
(babel)             in language  on input line 17.
Package babel Info: Redefining spanish shorthand <<
(babel)             in language  on input line 17.
Package babel Info: Redefining spanish shorthand >>
(babel)             in language  on input line 17.
Package babel Info: Redefining spanish shorthand "=
(babel)             in language  on input line 17.
Package babel Info: Redefining spanish shorthand "~
(babel)             in language  on input line 17.
Package babel Info: Redefining spanish shorthand "!
(babel)             in language  on input line 17.
Package babel Info: Redefining spanish shorthand "?
(babel)             in language  on input line 17.
 [1



]
\openout2 = `Kap2/Kap2.aux'.

 (./Kap2/Kap2.tex
Cap\'{\i }tulo 1.
Package babel Info: Redefining spanish shorthand <<
(babel)             in language  on input line 1.
Package babel Info: Redefining spanish shorthand >>
(babel)             in language  on input line 1.
Package babel Info: Redefining spanish shorthand "=
(babel)             in language  on input line 1.
Package babel Info: Redefining spanish shorthand "~
(babel)             in language  on input line 1.
Package babel Info: Redefining spanish shorthand "!
(babel)             in language  on input line 1.
Package babel Info: Redefining spanish shorthand "?
(babel)             in language  on input line 1.

Class scrbook Warning: \float@addtolists detected!
(scrbook)              Implementation of \float@addtolist became
(scrbook)              deprecated in KOMA-Script v3.01 2008/11/14 and
(scrbook)              has been replaced by more several more flexible
(scrbook)              features of package `tocbasic`.
(scrbook)              Since Version 3.12 support for deprecated
(scrbook)              \float@addtolist interface has been
(scrbook)              restricted to only some of the KOMA-Script
(scrbook)              features and been removed from others.
(scrbook)              Loading of package `scrhack' may help to
(scrbook)              avoid this warning, if you are using a
(scrbook)              a package that still implements the
(scrbook)              deprecated \float@addtolist interface .

Package babel Info: Redefining spanish shorthand <<
(babel)             in language  on input line 2.
Package babel Info: Redefining spanish shorthand >>
(babel)             in language  on input line 2.
Package babel Info: Redefining spanish shorthand "=
(babel)             in language  on input line 2.
Package babel Info: Redefining spanish shorthand "~
(babel)             in language  on input line 2.
Package babel Info: Redefining spanish shorthand "!
(babel)             in language  on input line 2.
Package babel Info: Redefining spanish shorthand "?
(babel)             in language  on input line 2.

LaTeX Warning: Citation `Lezon2009ElasticViruses' on page 2 undefined on input 
line 3.


LaTeX Warning: Citation `Rader2006TheApplications' on page 2 undefined on input
 line 3.


Underfull \hbox (badness 10000) in paragraph at lines 3--4

 []


Underfull \hbox (badness 10000) in paragraph at lines 5--6

 []


Underfull \hbox (badness 10000) in paragraph at lines 7--8

 []

Package babel Info: Redefining spanish shorthand <<
(babel)             in language  on input line 8.
Package babel Info: Redefining spanish shorthand >>
(babel)             in language  on input line 8.
Package babel Info: Redefining spanish shorthand "=
(babel)             in language  on input line 8.
Package babel Info: Redefining spanish shorthand "~
(babel)             in language  on input line 8.
Package babel Info: Redefining spanish shorthand "!
(babel)             in language  on input line 8.
Package babel Info: Redefining spanish shorthand "?
(babel)             in language  on input line 8.

Underfull \hbox (badness 10000) in paragraph at lines 10--11

 []

Package babel Info: Redefining spanish shorthand <<
(babel)             in language  on input line 11.
Package babel Info: Redefining spanish shorthand >>
(babel)             in language  on input line 11.
Package babel Info: Redefining spanish shorthand "=
(babel)             in language  on input line 11.
Package babel Info: Redefining spanish shorthand "~
(babel)             in language  on input line 11.
Package babel Info: Redefining spanish shorthand "!
(babel)             in language  on input line 11.
Package babel Info: Redefining spanish shorthand "?
(babel)             in language  on input line 11.
Package babel Info: Redefining spanish shorthand <<
(babel)             in language  on input line 11.
Package babel Info: Redefining spanish shorthand >>
(babel)             in language  on input line 11.
Package babel Info: Redefining spanish shorthand "=
(babel)             in language  on input line 11.
Package babel Info: Redefining spanish shorthand "~
(babel)             in language  on input line 11.
Package babel Info: Redefining spanish shorthand "!
(babel)             in language  on input line 11.
Package babel Info: Redefining spanish shorthand "?
(babel)             in language  on input line 11.
[2



]

LaTeX Warning: Citation `Goldstein2001ClassicalMechanics' on page 3 undefined o
n input line 12.


Underfull \hbox (badness 10000) in paragraph at lines 12--13

 []


LaTeX Warning: Citation `Lezon2009ElasticViruses' on page 3 undefined on input 
line 14.


Underfull \hbox (badness 10000) in paragraph at lines 14--15

 []

Package babel Info: Redefining spanish shorthand <<
(babel)             in language  on input line 18.
Package babel Info: Redefining spanish shorthand >>
(babel)             in language  on input line 18.
Package babel Info: Redefining spanish shorthand "=
(babel)             in language  on input line 18.
Package babel Info: Redefining spanish shorthand "~
(babel)             in language  on input line 18.
Package babel Info: Redefining spanish shorthand "!
(babel)             in language  on input line 18.
Package babel Info: Redefining spanish shorthand "?
(babel)             in language  on input line 18.

LaTeX Warning: Citation `Gur2013GlobalPredictions.' on page 3 undefined on inpu
t line 20.


Underfull \hbox (badness 10000) in paragraph at lines 20--21

 []

Package babel Info: Redefining spanish shorthand <<
(babel)             in language  on input line 25.
Package babel Info: Redefining spanish shorthand >>
(babel)             in language  on input line 25.
Package babel Info: Redefining spanish shorthand "=
(babel)             in language  on input line 25.
Package babel Info: Redefining spanish shorthand "~
(babel)             in language  on input line 25.
Package babel Info: Redefining spanish shorthand "!
(babel)             in language  on input line 25.
Package babel Info: Redefining spanish shorthand "?
(babel)             in language  on input line 25.

Underfull \hbox (badness 10000) in paragraph at lines 26--27

 []

<Kap2/dibujo.pdf, id=214, 963.6pt x 826.51639pt>
File: Kap2/dibujo.pdf Graphic file (type pdf)
 <use Kap2/dibujo.pdf>
Package pdftex.def Info: Kap2/dibujo.pdf used on input line 31.
(pdftex.def)             Requested size: 289.08223pt x 247.95683pt.


LaTeX Warning: Citation `Lezon2009ElasticViruses' on page 3 undefined on input 
line 32.


LaTeX Warning: Citation `Lezon2009ElasticViruses' on page 3 undefined on input 
line 32.

LaTeX Info: Redefining \. on input line 34.
LaTeX Info: Redefining \% on input line 34.
Package babel Info: Redefining spanish shorthand <<
(babel)             in language  on input line 34.
Package babel Info: Redefining spanish shorthand >>
(babel)             in language  on input line 34.
Package babel Info: Redefining spanish shorthand "=
(babel)             in language  on input line 34.
Package babel Info: Redefining spanish shorthand "~
(babel)             in language  on input line 34.
Package babel Info: Redefining spanish shorthand "!
(babel)             in language  on input line 34.
Package babel Info: Redefining spanish shorthand "?
(babel)             in language  on input line 34.
Package babel Info: Redefining spanish shorthand <<
(babel)             in language  on input line 34.
Package babel Info: Redefining spanish shorthand >>
(babel)             in language  on input line 34.
Package babel Info: Redefining spanish shorthand "=
(babel)             in language  on input line 34.
Package babel Info: Redefining spanish shorthand "~
(babel)             in language  on input line 34.
Package babel Info: Redefining spanish shorthand "!
(babel)             in language  on input line 34.
Package babel Info: Redefining spanish shorthand "?
(babel)             in language  on input line 34.
[3]

LaTeX Warning: Citation `Gur2013GlobalPredictions.' on page 4 undefined on inpu
t line 36.


Underfull \hbox (badness 10000) in paragraph at lines 36--37

 []


LaTeX Warning: Citation `Goldstein2001ClassicalMechanics' on page 4 undefined o
n input line 38.

LaTeX Info: Redefining \. on input line 41.
LaTeX Info: Redefining \% on input line 41.
Package babel Info: Redefining spanish shorthand <<
(babel)             in language  on input line 41.
Package babel Info: Redefining spanish shorthand >>
(babel)             in language  on input line 41.
Package babel Info: Redefining spanish shorthand "=
(babel)             in language  on input line 41.
Package babel Info: Redefining spanish shorthand "~
(babel)             in language  on input line 41.
Package babel Info: Redefining spanish shorthand "!
(babel)             in language  on input line 41.
Package babel Info: Redefining spanish shorthand "?
(babel)             in language  on input line 41.
Package babel Info: Redefining spanish shorthand <<
(babel)             in language  on input line 41.
Package babel Info: Redefining spanish shorthand >>
(babel)             in language  on input line 41.
Package babel Info: Redefining spanish shorthand "=
(babel)             in language  on input line 41.
Package babel Info: Redefining spanish shorthand "~
(babel)             in language  on input line 41.
Package babel Info: Redefining spanish shorthand "!
(babel)             in language  on input line 41.
Package babel Info: Redefining spanish shorthand "?
(babel)             in language  on input line 41.
[4 <./Kap2/dibujo.pdf>]
Underfull \hbox (badness 10000) in paragraph at lines 41--43

 []


LaTeX Warning: Citation `Goldstein2001ClassicalMechanics' on page 5 undefined o
n input line 49.


Underfull \hbox (badness 10000) in paragraph at lines 48--50

 []

(./Kap2/Potencial.tex
\plotpoint=\box42
)
LaTeX Info: Redefining \. on input line 67.
LaTeX Info: Redefining \% on input line 67.
Package babel Info: Redefining spanish shorthand <<
(babel)             in language  on input line 67.
Package babel Info: Redefining spanish shorthand >>
(babel)             in language  on input line 67.
Package babel Info: Redefining spanish shorthand "=
(babel)             in language  on input line 67.
Package babel Info: Redefining spanish shorthand "~
(babel)             in language  on input line 67.
Package babel Info: Redefining spanish shorthand "!
(babel)             in language  on input line 67.
Package babel Info: Redefining spanish shorthand "?
(babel)             in language  on input line 67.
Package babel Info: Redefining spanish shorthand <<
(babel)             in language  on input line 67.
Package babel Info: Redefining spanish shorthand >>
(babel)             in language  on input line 67.
Package babel Info: Redefining spanish shorthand "=
(babel)             in language  on input line 67.
Package babel Info: Redefining spanish shorthand "~
(babel)             in language  on input line 67.
Package babel Info: Redefining spanish shorthand "!
(babel)             in language  on input line 67.
Package babel Info: Redefining spanish shorthand "?
(babel)             in language  on input line 67.
 [5]
Underfull \hbox (badness 10000) in paragraph at lines 77--79

 []


Underfull \hbox (badness 10000) in paragraph at lines 91--93

 []

Package babel Info: Redefining spanish shorthand <<
(babel)             in language  on input line 98.
Package babel Info: Redefining spanish shorthand >>
(babel)             in language  on input line 98.
Package babel Info: Redefining spanish shorthand "=
(babel)             in language  on input line 98.
Package babel Info: Redefining spanish shorthand "~
(babel)             in language  on input line 98.
Package babel Info: Redefining spanish shorthand "!
(babel)             in language  on input line 98.
Package babel Info: Redefining spanish shorthand "?
(babel)             in language  on input line 98.
LaTeX Info: Redefining \. on input line 100.
LaTeX Info: Redefining \% on input line 100.
Package babel Info: Redefining spanish shorthand <<
(babel)             in language  on input line 100.
Package babel Info: Redefining spanish shorthand >>
(babel)             in language  on input line 100.
Package babel Info: Redefining spanish shorthand "=
(babel)             in language  on input line 100.
Package babel Info: Redefining spanish shorthand "~
(babel)             in language  on input line 100.
Package babel Info: Redefining spanish shorthand "!
(babel)             in language  on input line 100.
Package babel Info: Redefining spanish shorthand "?
(babel)             in language  on input line 100.
Package babel Info: Redefining spanish shorthand <<
(babel)             in language  on input line 100.
Package babel Info: Redefining spanish shorthand >>
(babel)             in language  on input line 100.
Package babel Info: Redefining spanish shorthand "=
(babel)             in language  on input line 100.
Package babel Info: Redefining spanish shorthand "~
(babel)             in language  on input line 100.
Package babel Info: Redefining spanish shorthand "!
(babel)             in language  on input line 100.
Package babel Info: Redefining spanish shorthand "?
(babel)             in language  on input line 100.
[6]
Package babel Info: Redefining spanish shorthand <<
(babel)             in language  on input line 100.
Package babel Info: Redefining spanish shorthand >>
(babel)             in language  on input line 100.
Package babel Info: Redefining spanish shorthand "=
(babel)             in language  on input line 100.
Package babel Info: Redefining spanish shorthand "~
(babel)             in language  on input line 100.
Package babel Info: Redefining spanish shorthand "!
(babel)             in language  on input line 100.
Package babel Info: Redefining spanish shorthand "?
(babel)             in language  on input line 100.
Package babel Info: Redefining spanish shorthand <<
(babel)             in language  on input line 101.
Package babel Info: Redefining spanish shorthand >>
(babel)             in language  on input line 101.
Package babel Info: Redefining spanish shorthand "=
(babel)             in language  on input line 101.
Package babel Info: Redefining spanish shorthand "~
(babel)             in language  on input line 101.
Package babel Info: Redefining spanish shorthand "!
(babel)             in language  on input line 101.
Package babel Info: Redefining spanish shorthand "?
(babel)             in language  on input line 101.


LaTeX Warning: Citation `Gur2013GlobalPredictions.' on page 7 undefined on inpu
t line 102.


LaTeX Warning: Citation `Amber2016AmberManual' on page 7 undefined on input lin
e 104.

)
LaTeX Info: Redefining \. on input line 18.
LaTeX Info: Redefining \% on input line 18.
Package babel Info: Redefining spanish shorthand <<
(babel)             in language  on input line 18.
Package babel Info: Redefining spanish shorthand >>
(babel)             in language  on input line 18.
Package babel Info: Redefining spanish shorthand "=
(babel)             in language  on input line 18.
Package babel Info: Redefining spanish shorthand "~
(babel)             in language  on input line 18.
Package babel Info: Redefining spanish shorthand "!
(babel)             in language  on input line 18.
Package babel Info: Redefining spanish shorthand "?
(babel)             in language  on input line 18.
Package babel Info: Redefining spanish shorthand <<
(babel)             in language  on input line 18.
Package babel Info: Redefining spanish shorthand >>
(babel)             in language  on input line 18.
Package babel Info: Redefining spanish shorthand "=
(babel)             in language  on input line 18.
Package babel Info: Redefining spanish shorthand "~
(babel)             in language  on input line 18.
Package babel Info: Redefining spanish shorthand "!
(babel)             in language  on input line 18.
Package babel Info: Redefining spanish shorthand "?
(babel)             in language  on input line 18.
 [7]
\openout2 = `Kap3/Kap3.aux'.

 (./Kap3/Kap3.tex
Cap\'{\i }tulo 2.
Package babel Info: Redefining spanish shorthand <<
(babel)             in language  on input line 1.
Package babel Info: Redefining spanish shorthand >>
(babel)             in language  on input line 1.
Package babel Info: Redefining spanish shorthand "=
(babel)             in language  on input line 1.
Package babel Info: Redefining spanish shorthand "~
(babel)             in language  on input line 1.
Package babel Info: Redefining spanish shorthand "!
(babel)             in language  on input line 1.
Package babel Info: Redefining spanish shorthand "?
(babel)             in language  on input line 1.
Package babel Info: Redefining spanish shorthand <<
(babel)             in language  on input line 3.
Package babel Info: Redefining spanish shorthand >>
(babel)             in language  on input line 3.
Package babel Info: Redefining spanish shorthand "=
(babel)             in language  on input line 3.
Package babel Info: Redefining spanish shorthand "~
(babel)             in language  on input line 3.
Package babel Info: Redefining spanish shorthand "!
(babel)             in language  on input line 3.
Package babel Info: Redefining spanish shorthand "?
(babel)             in language  on input line 3.
Package babel Info: Redefining spanish shorthand <<
(babel)             in language  on input line 4.
Package babel Info: Redefining spanish shorthand >>
(babel)             in language  on input line 4.
Package babel Info: Redefining spanish shorthand "=
(babel)             in language  on input line 4.
Package babel Info: Redefining spanish shorthand "~
(babel)             in language  on input line 4.
Package babel Info: Redefining spanish shorthand "!
(babel)             in language  on input line 4.
Package babel Info: Redefining spanish shorthand "?
(babel)             in language  on input line 4.
Package babel Info: Redefining spanish shorthand <<
(babel)             in language  on input line 5.
Package babel Info: Redefining spanish shorthand >>
(babel)             in language  on input line 5.
Package babel Info: Redefining spanish shorthand "=
(babel)             in language  on input line 5.
Package babel Info: Redefining spanish shorthand "~
(babel)             in language  on input line 5.
Package babel Info: Redefining spanish shorthand "!
(babel)             in language  on input line 5.
Package babel Info: Redefining spanish shorthand "?
(babel)             in language  on input line 5.
)
Package babel Info: Redefining spanish shorthand <<
(babel)             in language  on input line 19.
Package babel Info: Redefining spanish shorthand >>
(babel)             in language  on input line 19.
Package babel Info: Redefining spanish shorthand "=
(babel)             in language  on input line 19.
Package babel Info: Redefining spanish shorthand "~
(babel)             in language  on input line 19.
Package babel Info: Redefining spanish shorthand "!
(babel)             in language  on input line 19.
Package babel Info: Redefining spanish shorthand "?
(babel)             in language  on input line 19.
Package babel Info: Redefining spanish shorthand <<
(babel)             in language  on input line 19.
Package babel Info: Redefining spanish shorthand >>
(babel)             in language  on input line 19.
Package babel Info: Redefining spanish shorthand "=
(babel)             in language  on input line 19.
Package babel Info: Redefining spanish shorthand "~
(babel)             in language  on input line 19.
Package babel Info: Redefining spanish shorthand "!
(babel)             in language  on input line 19.
Package babel Info: Redefining spanish shorthand "?
(babel)             in language  on input line 19.
 [8



]
\openout2 = `Kap4/Kap4.aux'.

 (./Kap4/Kap4.tex
Cap\'{\i }tulo 3.
Package babel Info: Redefining spanish shorthand <<
(babel)             in language  on input line 1.
Package babel Info: Redefining spanish shorthand >>
(babel)             in language  on input line 1.
Package babel Info: Redefining spanish shorthand "=
(babel)             in language  on input line 1.
Package babel Info: Redefining spanish shorthand "~
(babel)             in language  on input line 1.
Package babel Info: Redefining spanish shorthand "!
(babel)             in language  on input line 1.
Package babel Info: Redefining spanish shorthand "?
(babel)             in language  on input line 1.
)
Package babel Info: Redefining spanish shorthand <<
(babel)             in language  on input line 20.
Package babel Info: Redefining spanish shorthand >>
(babel)             in language  on input line 20.
Package babel Info: Redefining spanish shorthand "=
(babel)             in language  on input line 20.
Package babel Info: Redefining spanish shorthand "~
(babel)             in language  on input line 20.
Package babel Info: Redefining spanish shorthand "!
(babel)             in language  on input line 20.
Package babel Info: Redefining spanish shorthand "?
(babel)             in language  on input line 20.
Package babel Info: Redefining spanish shorthand <<
(babel)             in language  on input line 20.
Package babel Info: Redefining spanish shorthand >>
(babel)             in language  on input line 20.
Package babel Info: Redefining spanish shorthand "=
(babel)             in language  on input line 20.
Package babel Info: Redefining spanish shorthand "~
(babel)             in language  on input line 20.
Package babel Info: Redefining spanish shorthand "!
(babel)             in language  on input line 20.
Package babel Info: Redefining spanish shorthand "?
(babel)             in language  on input line 20.
 [9



]
\openout2 = `Kap5/Kap5.aux'.

 (./Kap5/Kap5.tex
Cap\'{\i }tulo 4.
Package babel Info: Redefining spanish shorthand <<
(babel)             in language  on input line 1.
Package babel Info: Redefining spanish shorthand >>
(babel)             in language  on input line 1.
Package babel Info: Redefining spanish shorthand "=
(babel)             in language  on input line 1.
Package babel Info: Redefining spanish shorthand "~
(babel)             in language  on input line 1.
Package babel Info: Redefining spanish shorthand "!
(babel)             in language  on input line 1.
Package babel Info: Redefining spanish shorthand "?
(babel)             in language  on input line 1.
)
Package babel Info: Redefining spanish shorthand <<
(babel)             in language  on input line 21.
Package babel Info: Redefining spanish shorthand >>
(babel)             in language  on input line 21.
Package babel Info: Redefining spanish shorthand "=
(babel)             in language  on input line 21.
Package babel Info: Redefining spanish shorthand "~
(babel)             in language  on input line 21.
Package babel Info: Redefining spanish shorthand "!
(babel)             in language  on input line 21.
Package babel Info: Redefining spanish shorthand "?
(babel)             in language  on input line 21.
Package babel Info: Redefining spanish shorthand <<
(babel)             in language  on input line 21.
Package babel Info: Redefining spanish shorthand >>
(babel)             in language  on input line 21.
Package babel Info: Redefining spanish shorthand "=
(babel)             in language  on input line 21.
Package babel Info: Redefining spanish shorthand "~
(babel)             in language  on input line 21.
Package babel Info: Redefining spanish shorthand "!
(babel)             in language  on input line 21.
Package babel Info: Redefining spanish shorthand "?
(babel)             in language  on input line 21.
 [10



]
\openout2 = `Kap6/Kap6.aux'.

 (./Kap6/Kap6.tex
Cap\'{\i }tulo 5.
Package babel Info: Redefining spanish shorthand <<
(babel)             in language  on input line 1.
Package babel Info: Redefining spanish shorthand >>
(babel)             in language  on input line 1.
Package babel Info: Redefining spanish shorthand "=
(babel)             in language  on input line 1.
Package babel Info: Redefining spanish shorthand "~
(babel)             in language  on input line 1.
Package babel Info: Redefining spanish shorthand "!
(babel)             in language  on input line 1.
Package babel Info: Redefining spanish shorthand "?
(babel)             in language  on input line 1.
Package babel Info: Redefining spanish shorthand <<
(babel)             in language  on input line 2.
Package babel Info: Redefining spanish shorthand >>
(babel)             in language  on input line 2.
Package babel Info: Redefining spanish shorthand "=
(babel)             in language  on input line 2.
Package babel Info: Redefining spanish shorthand "~
(babel)             in language  on input line 2.
Package babel Info: Redefining spanish shorthand "!
(babel)             in language  on input line 2.
Package babel Info: Redefining spanish shorthand "?
(babel)             in language  on input line 2.

Underfull \hbox (badness 10000) in paragraph at lines 3--4

 []

Package babel Info: Redefining spanish shorthand <<
(babel)             in language  on input line 5.
Package babel Info: Redefining spanish shorthand >>
(babel)             in language  on input line 5.
Package babel Info: Redefining spanish shorthand "=
(babel)             in language  on input line 5.
Package babel Info: Redefining spanish shorthand "~
(babel)             in language  on input line 5.
Package babel Info: Redefining spanish shorthand "!
(babel)             in language  on input line 5.
Package babel Info: Redefining spanish shorthand "?
(babel)             in language  on input line 5.
)
Underfull \hbox (badness 10000) in paragraph at lines 6--22

 []

Package babel Info: Redefining spanish shorthand <<
(babel)             in language  on input line 22.
Package babel Info: Redefining spanish shorthand >>
(babel)             in language  on input line 22.
Package babel Info: Redefining spanish shorthand "=
(babel)             in language  on input line 22.
Package babel Info: Redefining spanish shorthand "~
(babel)             in language  on input line 22.
Package babel Info: Redefining spanish shorthand "!
(babel)             in language  on input line 22.
Package babel Info: Redefining spanish shorthand "?
(babel)             in language  on input line 22.
Package babel Info: Redefining spanish shorthand <<
(babel)             in language  on input line 22.
Package babel Info: Redefining spanish shorthand >>
(babel)             in language  on input line 22.
Package babel Info: Redefining spanish shorthand "=
(babel)             in language  on input line 22.
Package babel Info: Redefining spanish shorthand "~
(babel)             in language  on input line 22.
Package babel Info: Redefining spanish shorthand "!
(babel)             in language  on input line 22.
Package babel Info: Redefining spanish shorthand "?
(babel)             in language  on input line 22.
[11



]
\openout2 = `Anexos/Anexos.aux'.

 (./Anexos/Anexos.tex
Ap\'{e}ndice A.
Package babel Info: Redefining spanish shorthand <<
(babel)             in language  on input line 2.
Package babel Info: Redefining spanish shorthand >>
(babel)             in language  on input line 2.
Package babel Info: Redefining spanish shorthand "=
(babel)             in language  on input line 2.
Package babel Info: Redefining spanish shorthand "~
(babel)             in language  on input line 2.
Package babel Info: Redefining spanish shorthand "!
(babel)             in language  on input line 2.
Package babel Info: Redefining spanish shorthand "?
(babel)             in language  on input line 2.
Package babel Info: Redefining spanish shorthand <<
(babel)             in language  on input line 5.
Package babel Info: Redefining spanish shorthand >>
(babel)             in language  on input line 5.
Package babel Info: Redefining spanish shorthand "=
(babel)             in language  on input line 5.
Package babel Info: Redefining spanish shorthand "~
(babel)             in language  on input line 5.
Package babel Info: Redefining spanish shorthand "!
(babel)             in language  on input line 5.
Package babel Info: Redefining spanish shorthand "?
(babel)             in language  on input line 5.
Package babel Info: Redefining spanish shorthand <<
(babel)             in language  on input line 5.
Package babel Info: Redefining spanish shorthand >>
(babel)             in language  on input line 5.
Package babel Info: Redefining spanish shorthand "=
(babel)             in language  on input line 5.
Package babel Info: Redefining spanish shorthand "~
(babel)             in language  on input line 5.
Package babel Info: Redefining spanish shorthand "!
(babel)             in language  on input line 5.
Package babel Info: Redefining spanish shorthand "?
(babel)             in language  on input line 5.
[12



]
Ap\'{e}ndice B.
Package babel Info: Redefining spanish shorthand <<
(babel)             in language  on input line 5.
Package babel Info: Redefining spanish shorthand >>
(babel)             in language  on input line 5.
Package babel Info: Redefining spanish shorthand "=
(babel)             in language  on input line 5.
Package babel Info: Redefining spanish shorthand "~
(babel)             in language  on input line 5.
Package babel Info: Redefining spanish shorthand "!
(babel)             in language  on input line 5.
Package babel Info: Redefining spanish shorthand "?
(babel)             in language  on input line 5.
)
Package babel Info: Redefining spanish shorthand <<
(babel)             in language  on input line 23.
Package babel Info: Redefining spanish shorthand >>
(babel)             in language  on input line 23.
Package babel Info: Redefining spanish shorthand "=
(babel)             in language  on input line 23.
Package babel Info: Redefining spanish shorthand "~
(babel)             in language  on input line 23.
Package babel Info: Redefining spanish shorthand "!
(babel)             in language  on input line 23.
Package babel Info: Redefining spanish shorthand "?
(babel)             in language  on input line 23.
Package babel Info: Redefining spanish shorthand <<
(babel)             in language  on input line 23.
Package babel Info: Redefining spanish shorthand >>
(babel)             in language  on input line 23.
Package babel Info: Redefining spanish shorthand "=
(babel)             in language  on input line 23.
Package babel Info: Redefining spanish shorthand "~
(babel)             in language  on input line 23.
Package babel Info: Redefining spanish shorthand "!
(babel)             in language  on input line 23.
Package babel Info: Redefining spanish shorthand "?
(babel)             in language  on input line 23.
 [13

]
Package babel Info: Redefining spanish shorthand <<
(babel)             in language  on input line 24.
Package babel Info: Redefining spanish shorthand >>
(babel)             in language  on input line 24.
Package babel Info: Redefining spanish shorthand "=
(babel)             in language  on input line 24.
Package babel Info: Redefining spanish shorthand "~
(babel)             in language  on input line 24.
Package babel Info: Redefining spanish shorthand "!
(babel)             in language  on input line 24.
Package babel Info: Redefining spanish shorthand "?
(babel)             in language  on input line 24.

No file TesisMSc.bbl.
Package atveryend Info: Empty hook `BeforeClearDocument' on input line 28.
Package atveryend Info: Empty hook `AfterLastShipout' on input line 28.
(./TesisMSc.aux (./HojaTitulo/HojaTituloMSc.aux)
LaTeX Info: Redefining \. on input line 24.
LaTeX Info: Redefining \% on input line 24.

(./Tab_Simbolos/TabSimbolosMSc.aux) (./Kap1/Kap1.aux) (./Kap2/Kap2.aux)
(./Kap3/Kap3.aux) (./Kap4/Kap4.aux) (./Kap5/Kap5.aux) (./Kap6/Kap6.aux)
(./Anexos/Anexos.aux))
Package atveryend Info: Executing hook `AtVeryEndDocument' on input line 28.
Package atveryend Info: Executing hook `AtEndAfterFileList' on input line 28.
Package rerunfilecheck Info: File `TesisMSc.out' has not changed.
(rerunfilecheck)             Checksum: 9FE21C20C0E3B95E20C6E90CA737BCC7;1484.


LaTeX Font Warning: Some font shapes were not available, defaults substituted.


LaTeX Warning: There were undefined references.


LaTeX Warning: There were multiply-defined labels.

Package atveryend Info: Empty hook `AtVeryVeryEnd' on input line 28.
 ) 
Here is how much of TeX's memory you used:
 9607 strings out of 493105
 140810 string characters out of 6137073
 424912 words of memory out of 5000000
 12768 multiletter control sequences out of 15000+600000
 12391 words of font info for 44 fonts, out of 8000000 for 9000
 1151 hyphenation exceptions out of 8191
 45i,18n,55p,1742b,526s stack positions out of 5000i,500n,10000p,200000b,80000s
</usr/share/texlive/texmf-dist/fonts/type1/public/amsfonts/cm/cmbx10.pfb></us
r/share/texlive/texmf-dist/fonts/type1/public/amsfonts/cm/cmbx12.pfb></usr/shar
e/texlive/texmf-dist/fonts/type1/public/amsfonts/cm/cmbx8.pfb></usr/share/texli
ve/texmf-dist/fonts/type1/public/amsfonts/cm/cmcsc10.pfb></usr/share/texlive/te
xmf-dist/fonts/type1/public/amsfonts/cm/cmex10.pfb></usr/share/texlive/texmf-di
st/fonts/type1/public/amsfonts/cm/cmmi12.pfb></usr/share/texlive/texmf-dist/fon
ts/type1/public/amsfonts/cm/cmmi8.pfb></usr/share/texlive/texmf-dist/fonts/type
1/public/amsfonts/cm/cmr10.pfb></usr/share/texlive/texmf-dist/fonts/type1/publi
c/amsfonts/cm/cmr12.pfb></usr/share/texlive/texmf-dist/fonts/type1/public/amsfo
nts/cm/cmr5.pfb></usr/share/texlive/texmf-dist/fonts/type1/public/amsfonts/cm/c
mr6.pfb></usr/share/texlive/texmf-dist/fonts/type1/public/amsfonts/cm/cmr7.pfb>
</usr/share/texlive/texmf-dist/fonts/type1/public/amsfonts/cm/cmr8.pfb></usr/sh
are/texlive/texmf-dist/fonts/type1/public/amsfonts/cm/cmssbx10.pfb></usr/share/
texlive/texmf-dist/fonts/type1/public/amsfonts/cm/cmsy10.pfb></usr/share/texliv
e/texmf-dist/fonts/type1/public/amsfonts/cm/cmsy8.pfb></usr/share/texlive/texmf
-dist/fonts/type1/public/amsfonts/cm/cmti12.pfb></usr/share/texlive/texmf-dist/
fonts/type1/public/amsfonts/latxfont/line10.pfb>
Output written on TesisMSc.pdf (28 pages, 2158849 bytes).
PDF statistics:
 358 PDF objects out of 1000 (max. 8388607)
 301 compressed objects within 4 object streams
 67 named destinations out of 1000 (max. 500000)
 187 words of extra memory for PDF output out of 10000 (max. 10000000)

